[10-Sep-2025 09:58:04] NOTICE: fpm is running, pid 92505
[10-Sep-2025 09:58:04] NOTICE: ready to handle connections
[17-Sep-2025 19:55:11] NOTICE: Terminating ...
[17-Sep-2025 19:55:11] NOTICE: Terminating ...
[17-Sep-2025 19:55:11] NOTICE: exiting, bye-bye!
[24-Sep-2025 10:06:33] NOTICE: fpm is running, pid 67836
[24-Sep-2025 10:06:33] NOTICE: ready to handle connections
[24-Sep-2025 10:11:05] NOTICE: Terminating ...
[24-Sep-2025 10:11:05] NOTICE: Terminating ...
[24-Sep-2025 10:11:05] NOTICE: exiting, bye-bye!
[30-Sep-2025 23:28:33] NOTICE: fpm is running, pid 10384
[30-Sep-2025 23:28:33] NOTICE: ready to handle connections
[30-Sep-2025 23:28:47] NOTICE: Terminating ...
[30-Sep-2025 23:28:47] NOTICE: Terminating ...
[30-Sep-2025 23:28:47] NOTICE: exiting, bye-bye!
[30-Sep-2025 23:28:48] NOTICE: fpm is running, pid 10503
[30-Sep-2025 23:28:48] NOTICE: ready to handle connections
[01-Oct-2025 02:33:53] NOTICE: Terminating ...
[01-Oct-2025 02:33:53] NOTICE: Terminating ...
[01-Oct-2025 02:33:53] NOTICE: exiting, bye-bye!
[01-Oct-2025 09:08:43] NOTICE: fpm is running, pid 13508
[01-Oct-2025 09:08:43] NOTICE: ready to handle connections
[01-Oct-2025 12:52:59] NOTICE: Terminating ...
[01-Oct-2025 12:52:59] NOTICE: Terminating ...
[01-Oct-2025 12:52:59] NOTICE: exiting, bye-bye!
[22-Oct-2025 15:18:06] NOTICE: fpm is running, pid 55380
[22-Oct-2025 15:18:06] NOTICE: ready to handle connections
[22-Oct-2025 15:37:14] NOTICE: Terminating ...
[22-Oct-2025 15:37:14] NOTICE: Terminating ...
[22-Oct-2025 15:37:14] NOTICE: exiting, bye-bye!
[29-Oct-2025 00:35:20] NOTICE: fpm is running, pid 70643
[29-Oct-2025 00:35:20] NOTICE: ready to handle connections
[29-Oct-2025 00:35:32] NOTICE: Terminating ...
[29-Oct-2025 00:35:32] NOTICE: Terminating ...
[29-Oct-2025 00:35:32] NOTICE: exiting, bye-bye!
[29-Oct-2025 00:35:33] NOTICE: fpm is running, pid 70728
[29-Oct-2025 00:35:33] NOTICE: ready to handle connections
